[2020-01-06T17:43:55.055Z] [org.springframework.boot.SpringApplication] [main] [651] [INFO ] No active profile set, falling back to default profiles: default
[2020-01-06T17:43:56.056Z] [org.springframework.data.repository.config.RepositoryConfigurationDelegate] [main] [127] [INFO ] Bootstrapping Spring Data JPA repositories in DEFAULT mode.
[2020-01-06T17:43:56.056Z] [org.springframework.data.repository.config.RepositoryConfigurationDelegate] [main] [187] [INFO ] Finished Spring Data repository scanning in 274ms. Found 1 JPA repository interfaces.
[2020-01-06T17:43:57.057Z] [org.springframework.boot.actuate.endpoint.EndpointId] [main] [155] [WARN ] Endpoint ID 'service-registry' contains invalid characters, please migrate to a valid format.
[2020-01-06T17:43:57.057Z] [org.springframework.cloud.context.scope.GenericScope] [main] [295] [INFO ] BeanFactory id=15b558f6-6296-341f-836e-643e0e6ab0ae
[2020-01-06T17:43:57.057Z] [org.springframework.context.support.PostProcessorRegistrationDelegate$BeanPostProcessorChecker] [main] [330] [INFO ] Bean 'org.springframework.transaction.annotation.ProxyTransactionManagementConfiguration' of type [org.springframework.transaction.annotation.ProxyTransactionManagementConfiguration] is not eligible for getting processed by all BeanPostProcessors (for example: not eligible for auto-proxying)
[2020-01-06T17:43:58.058Z] [org.springframework.boot.web.embedded.tomcat.TomcatWebServer] [main] [92] [INFO ] Tomcat initialized with port(s): 8600 (http)
[2020-01-06T17:43:58.058Z] [org.apache.juli.logging.DirectJDKLog] [main] [173] [INFO ] Initializing ProtocolHandler ["http-nio-8600"]
[2020-01-06T17:43:58.058Z] [org.apache.juli.logging.DirectJDKLog] [main] [173] [INFO ] Starting service [Tomcat]
[2020-01-06T17:43:58.058Z] [org.apache.juli.logging.DirectJDKLog] [main] [173] [INFO ] Starting Servlet engine: [Apache Tomcat/9.0.29]
[2020-01-06T17:43:58.058Z] [org.apache.juli.logging.DirectJDKLog] [main] [173] [INFO ] Initializing Spring embedded WebApplicationContext
[2020-01-06T17:43:58.058Z] [org.springframework.boot.web.servlet.context.ServletWebServerApplicationContext] [main] [284] [INFO ] Root WebApplicationContext: initialization completed in 3935 ms
[2020-01-06T17:43:59.059Z] [com.netflix.config.sources.URLConfigurationSource] [main] [121] [WARN ] No URLs will be polled as dynamic configuration sources.
[2020-01-06T17:43:59.059Z] [com.netflix.config.sources.URLConfigurationSource] [main] [122] [INFO ] To enable URLs as dynamic configuration sources, define System property archaius.configurationSource.additionalUrls or make config.properties available on classpath.
[2020-01-06T17:43:59.059Z] [com.netflix.config.DynamicPropertyFactory] [main] [281] [INFO ] DynamicPropertyFactory is initialized with configuration sources: com.netflix.config.ConcurrentCompositeConfiguration@69909c14
[2020-01-06T17:44:02.002Z] [org.springframework.cloud.sleuth.zipkin2.ZipkinAutoConfiguration] [main] [114] [WARN ] Check result of the [AsyncReporter{org.springframework.cloud.sleuth.zipkin2.sender.RestTemplateSender@1f84327b}] contains an error [CheckResult{ok=false, error=org.springframework.web.client.ResourceAccessException: I/O error on POST request for "http://localhost:9411/api/v2/spans": connect timed out; nested exception is java.net.SocketTimeoutException: connect timed out}]
[2020-01-06T17:44:03.003Z] [org.hibernate.jpa.internal.util.LogHelper] [main] [31] [INFO ] HHH000204: Processing PersistenceUnitInfo [name: default]
[2020-01-06T17:44:04.004Z] [org.hibernate.Version] [main] [46] [INFO ] HHH000412: Hibernate Core {5.4.9.Final}
[2020-01-06T17:44:06.006Z] [org.hibernate.annotations.common.reflection.java.JavaReflectionManager] [main] [49] [INFO ] HCANN000001: Hibernate Commons Annotations {5.1.0.Final}
[2020-01-06T17:44:06.006Z] [com.zaxxer.hikari.HikariDataSource] [main] [110] [INFO ] HikariPool-1 - Starting...
[2020-01-06T17:44:07.007Z] [com.zaxxer.hikari.HikariDataSource] [main] [123] [INFO ] HikariPool-1 - Start completed.
[2020-01-06T17:44:07.007Z] [org.hibernate.dialect.Dialect] [main] [172] [INFO ] HHH000400: Using dialect: org.hibernate.dialect.MySQL5Dialect
[2020-01-06T17:44:10.010Z] [org.hibernate.engine.transaction.jta.platform.internal.JtaPlatformInitiator] [main] [52] [INFO ] HHH000490: Using JtaPlatform implementation: [org.hibernate.engine.transaction.jta.platform.internal.NoJtaPlatform]
[2020-01-06T17:44:10.010Z] [org.springframework.orm.jpa.AbstractEntityManagerFactoryBean] [main] [416] [INFO ] Initialized JPA EntityManagerFactory for persistence unit 'default'
[2020-01-06T17:44:11.011Z] [com.netflix.config.sources.URLConfigurationSource] [main] [121] [WARN ] No URLs will be polled as dynamic configuration sources.
[2020-01-06T17:44:11.011Z] [com.netflix.config.sources.URLConfigurationSource] [main] [122] [INFO ] To enable URLs as dynamic configuration sources, define System property archaius.configurationSource.additionalUrls or make config.properties available on classpath.
[2020-01-06T17:44:11.011Z] [org.springframework.boot.autoconfigure.orm.jpa.JpaBaseConfiguration$JpaWebConfiguration] [main] [220] [WARN ] spring.jpa.open-in-view is enabled by default. Therefore, database queries may be performed during view rendering. Explicitly configure spring.jpa.open-in-view to disable this warning
[2020-01-06T17:44:12.012Z] [org.springframework.scheduling.concurrent.ExecutorConfigurationSupport] [main] [171] [INFO ] Initializing ExecutorService 'applicationTaskExecutor'
[2020-01-06T17:44:16.016Z] [org.springframework.cloud.loadbalancer.config.BlockingLoadBalancerClientAutoConfiguration$BlockingLoadBalancerClientRibbonWarnLogger] [main] [86] [WARN ] You already have RibbonLoadBalancerClient on your classpath. It will be used by default. As Spring Cloud Ribbon is in maintenance mode. We recommend switching to BlockingLoadBalancerClient instead. In order to use it, set the value of `spring.cloud.loadbalancer.ribbon.enabled` to `false` or remove spring-cloud-starter-netflix-ribbon from your project.
[2020-01-06T17:44:17.017Z] [org.springframework.boot.actuate.endpoint.web.EndpointLinksResolver] [main] [58] [INFO ] Exposing 18 endpoint(s) beneath base path '/actuator'
[2020-01-06T17:44:17.017Z] [org.springframework.cloud.netflix.eureka.InstanceInfoFactory] [main] [72] [INFO ] Setting initial instance status as: STARTING
[2020-01-06T17:44:17.017Z] [com.netflix.discovery.DiscoveryClient] [main] [365] [INFO ] Initializing Eureka in region us-east-1
[2020-01-06T17:44:19.019Z] [com.netflix.discovery.provider.DiscoveryJerseyProvider] [main] [70] [INFO ] Using JSON encoding codec LegacyJacksonJson
[2020-01-06T17:44:19.019Z] [com.netflix.discovery.provider.DiscoveryJerseyProvider] [main] [71] [INFO ] Using JSON decoding codec LegacyJacksonJson
[2020-01-06T17:44:20.020Z] [com.netflix.discovery.provider.DiscoveryJerseyProvider] [main] [80] [INFO ] Using XML encoding codec XStreamXml
[2020-01-06T17:44:20.020Z] [com.netflix.discovery.provider.DiscoveryJerseyProvider] [main] [81] [INFO ] Using XML decoding codec XStreamXml
[2020-01-06T17:44:20.020Z] [com.netflix.discovery.shared.resolver.aws.ConfigClusterResolver] [main] [43] [INFO ] Resolving eureka endpoints via configuration
[2020-01-06T17:44:21.021Z] [com.netflix.discovery.DiscoveryClient] [main] [976] [INFO ] Disable delta property : false
[2020-01-06T17:44:21.021Z] [com.netflix.discovery.DiscoveryClient] [main] [977] [INFO ] Single vip registry refresh property : null
[2020-01-06T17:44:21.021Z] [com.netflix.discovery.DiscoveryClient] [main] [978] [INFO ] Force full registry fetch : false
[2020-01-06T17:44:21.021Z] [com.netflix.discovery.DiscoveryClient] [main] [979] [INFO ] Application is null : false
[2020-01-06T17:44:21.021Z] [com.netflix.discovery.DiscoveryClient] [main] [980] [INFO ] Registered Applications size is zero : true
[2020-01-06T17:44:21.021Z] [com.netflix.discovery.DiscoveryClient] [main] [982] [INFO ] Application version is -1: true
[2020-01-06T17:44:21.021Z] [com.netflix.discovery.DiscoveryClient] [main] [1065] [INFO ] Getting all instance registry info from the eureka server
[2020-01-06T17:44:21.021Z] [com.netflix.discovery.DiscoveryClient] [main] [1074] [INFO ] The response status is 200
[2020-01-06T17:44:21.021Z] [com.netflix.discovery.DiscoveryClient] [main] [1288] [INFO ] Starting heartbeat executor: renew interval is: 30
[2020-01-06T17:44:21.021Z] [com.netflix.discovery.InstanceInfoReplicator] [main] [60] [INFO ] InstanceInfoReplicator onDemand update allowed rate per min is 4
[2020-01-06T17:44:21.021Z] [com.netflix.discovery.DiscoveryClient] [main] [465] [INFO ] Discovery Client initialized at timestamp 1578312861770 with initial instances count: 4
[2020-01-06T17:44:21.021Z] [org.springframework.cloud.netflix.eureka.serviceregistry.EurekaServiceRegistry] [main] [41] [INFO ] Registering application FRIENDFAMILIY-SERVICE with eureka with status UP
[2020-01-06T17:44:21.021Z] [com.netflix.discovery.DiscoveryClient$3] [main] [1323] [INFO ] Saw local status change event StatusChangeEvent [timestamp=1578312861833, current=UP, previous=STARTING]
[2020-01-06T17:44:21.021Z] [com.netflix.discovery.DiscoveryClient] [DiscoveryClient-InstanceInfoReplicator-0] [844] [INFO ] DiscoveryClient_FRIENDFAMILIY-SERVICE/host.docker.internal:FRIENDFAMILIY-SERVICE:8600: registering service...
[2020-01-06T17:44:21.021Z] [org.apache.juli.logging.DirectJDKLog] [main] [173] [INFO ] Starting ProtocolHandler ["http-nio-8600"]
[2020-01-06T17:44:22.022Z] [com.netflix.discovery.DiscoveryClient] [DiscoveryClient-InstanceInfoReplicator-0] [853] [INFO ] DiscoveryClient_FRIENDFAMILIY-SERVICE/host.docker.internal:FRIENDFAMILIY-SERVICE:8600 - registration status: 204
[2020-01-06T17:44:22.022Z] [org.springframework.boot.web.embedded.tomcat.TomcatWebServer] [main] [204] [INFO ] Tomcat started on port(s): 8600 (http) with context path ''
[2020-01-06T17:44:22.022Z] [org.springframework.cloud.netflix.eureka.serviceregistry.EurekaAutoServiceRegistration] [main] [145] [INFO ] Updating port to 8600
[2020-01-06T17:44:23.023Z] [org.springframework.boot.StartupInfoLogger] [main] [61] [INFO ] Started FriendFamilyServiceApplication in 31.146 seconds (JVM running for 32.837)
[2020-01-06T17:45:49.049Z] [org.springframework.boot.admin.SpringApplicationAdminMXBeanRegistrar$SpringApplicationAdmin] [RMI TCP Connection(11)-127.0.0.1] [159] [INFO ] Application shutdown requested.
[2020-01-06T17:45:49.049Z] [org.springframework.cloud.netflix.eureka.serviceregistry.EurekaServiceRegistry] [RMI TCP Connection(11)-127.0.0.1] [65] [INFO ] Unregistering application FRIENDFAMILIY-SERVICE with eureka with status DOWN
[2020-01-06T17:45:49.049Z] [com.netflix.discovery.DiscoveryClient$3] [RMI TCP Connection(11)-127.0.0.1] [1321] [WARN ] Saw local status change event StatusChangeEvent [timestamp=1578312949703, current=DOWN, previous=UP]
[2020-01-06T17:45:49.049Z] [com.netflix.discovery.DiscoveryClient] [DiscoveryClient-InstanceInfoReplicator-0] [844] [INFO ] DiscoveryClient_FRIENDFAMILIY-SERVICE/host.docker.internal:FRIENDFAMILIY-SERVICE:8600: registering service...
[2020-01-06T17:45:49.049Z] [org.springframework.scheduling.concurrent.ExecutorConfigurationSupport] [RMI TCP Connection(11)-127.0.0.1] [208] [INFO ] Shutting down ExecutorService 'applicationTaskExecutor'
[2020-01-06T17:45:49.049Z] [org.springframework.orm.jpa.AbstractEntityManagerFactoryBean] [RMI TCP Connection(11)-127.0.0.1] [598] [INFO ] Closing JPA EntityManagerFactory for persistence unit 'default'
[2020-01-06T17:45:49.049Z] [org.hibernate.tool.schema.internal.SchemaDropperImpl$DelayedDropActionImpl] [RMI TCP Connection(11)-127.0.0.1] [524] [INFO ] HHH000477: Starting delayed evictData of schema as part of SessionFactory shut-down'
[2020-01-06T17:45:49.049Z] [com.netflix.discovery.DiscoveryClient] [DiscoveryClient-InstanceInfoReplicator-0] [853] [INFO ] DiscoveryClient_FRIENDFAMILIY-SERVICE/host.docker.internal:FRIENDFAMILIY-SERVICE:8600 - registration status: 204
[2020-01-06T17:45:50.050Z] [zipkin2.reporter.AsyncReporter$BoundedAsyncReporter] [RMI TCP Connection(11)-127.0.0.1] [322] [WARN ] Timed out waiting for in-flight spans to send
[2020-01-06T17:45:50.050Z] [com.netflix.discovery.DiscoveryClient] [RMI TCP Connection(11)-127.0.0.1] [906] [INFO ] Shutting down DiscoveryClient ...
[2020-01-06T17:45:51.051Z] [zipkin2.reporter.AsyncReporter$BoundedAsyncReporter] [AsyncReporter{org.springframework.cloud.sleuth.zipkin2.sender.RestTemplateSender@1f84327b}] [296] [WARN ] Spans were dropped due to exceptions. All subsequent errors will be logged at FINE level.
[2020-01-06T17:45:51.051Z] [zipkin2.reporter.AsyncReporter$BoundedAsyncReporter] [AsyncReporter{org.springframework.cloud.sleuth.zipkin2.sender.RestTemplateSender@1f84327b}] [303] [WARN ] Dropped 0 spans due to ResourceAccessException(I/O error on POST request for "http://localhost:9411/api/v2/spans": connect timed out; nested exception is java.net.SocketTimeoutException: connect timed out)
org.springframework.web.client.ResourceAccessException: I/O error on POST request for "http://localhost:9411/api/v2/spans": connect timed out; nested exception is java.net.SocketTimeoutException: connect timed out
	at org.springframework.web.client.RestTemplate.doExecute(RestTemplate.java:751)
	at org.springframework.cloud.sleuth.zipkin2.sender.ZipkinRestTemplateWrapper.doExecute(ZipkinRestTemplateSenderConfiguration.java:228)
	at org.springframework.web.client.RestTemplate.exchange(RestTemplate.java:644)
	at org.springframework.cloud.sleuth.zipkin2.sender.RestTemplateSender.post(RestTemplateSender.java:129)
	at org.springframework.cloud.sleuth.zipkin2.sender.RestTemplateSender$HttpPostCall.doExecute(RestTemplateSender.java:142)
	at org.springframework.cloud.sleuth.zipkin2.sender.RestTemplateSender$HttpPostCall.doExecute(RestTemplateSender.java:132)
	at zipkin2.Call$Base.execute(Call.java:380)
	at zipkin2.reporter.AsyncReporter$BoundedAsyncReporter.flush(AsyncReporter.java:285)
	at zipkin2.reporter.AsyncReporter$Flusher.run(AsyncReporter.java:354)
	at java.lang.Thread.run(Unknown Source)
Caused by: java.net.SocketTimeoutException: connect timed out
	at java.net.DualStackPlainSocketImpl.waitForConnect(Native Method)
	at java.net.DualStackPlainSocketImpl.socketConnect(Unknown Source)
	at java.net.AbstractPlainSocketImpl.doConnect(Unknown Source)
	at java.net.AbstractPlainSocketImpl.connectToAddress(Unknown Source)
	at java.net.AbstractPlainSocketImpl.connect(Unknown Source)
	at java.net.PlainSocketImpl.connect(Unknown Source)
	at java.net.SocksSocketImpl.connect(Unknown Source)
	at java.net.Socket.connect(Unknown Source)
	at sun.net.NetworkClient.doConnect(Unknown Source)
	at sun.net.www.http.HttpClient.openServer(Unknown Source)
	at sun.net.www.http.HttpClient.openServer(Unknown Source)
	at sun.net.www.http.HttpClient.<init>(Unknown Source)
	at sun.net.www.http.HttpClient.New(Unknown Source)
	at sun.net.www.http.HttpClient.New(Unknown Source)
	at sun.net.www.protocol.http.HttpURLConnection.getNewHttpClient(Unknown Source)
	at sun.net.www.protocol.http.HttpURLConnection.plainConnect0(Unknown Source)
	at sun.net.www.protocol.http.HttpURLConnection.plainConnect(Unknown Source)
	at sun.net.www.protocol.http.HttpURLConnection.connect(Unknown Source)
	at org.springframework.http.client.SimpleBufferingClientHttpRequest.executeInternal(SimpleBufferingClientHttpRequest.java:76)
	at org.springframework.http.client.AbstractBufferingClientHttpRequest.executeInternal(AbstractBufferingClientHttpRequest.java:48)
	at org.springframework.http.client.AbstractClientHttpRequest.execute(AbstractClientHttpRequest.java:53)
	at org.springframework.web.client.RestTemplate.doExecute(RestTemplate.java:742)
	... 9 common frames omitted
[2020-01-06T17:45:53.053Z] [com.netflix.discovery.DiscoveryClient] [RMI TCP Connection(11)-127.0.0.1] [940] [INFO ] Unregistering ...
[2020-01-06T17:45:53.053Z] [com.netflix.discovery.DiscoveryClient] [RMI TCP Connection(11)-127.0.0.1] [942] [INFO ] DiscoveryClient_FRIENDFAMILIY-SERVICE/host.docker.internal:FRIENDFAMILIY-SERVICE:8600 - deregister  status: 200
[2020-01-06T17:45:53.053Z] [com.netflix.discovery.DiscoveryClient] [RMI TCP Connection(11)-127.0.0.1] [929] [INFO ] Completed shut down of DiscoveryClient
[2020-01-06T17:45:53.053Z] [com.zaxxer.hikari.HikariDataSource] [RMI TCP Connection(11)-127.0.0.1] [350] [INFO ] HikariPool-1 - Shutdown initiated...
[2020-01-06T17:45:54.054Z] [com.netflix.discovery.TimedSupervisorTask] [DiscoveryClient-0] [88] [WARN ] task supervisor shutting down, can't accept the task
[2020-01-06T17:45:54.054Z] [com.zaxxer.hikari.HikariDataSource] [RMI TCP Connection(11)-127.0.0.1] [352] [INFO ] HikariPool-1 - Shutdown completed.
[2020-01-06T17:45:54.054Z] [org.apache.juli.logging.DirectJDKLog] [RMI TCP Connection(11)-127.0.0.1] [173] [INFO ] Pausing ProtocolHandler ["http-nio-8600"]
[2020-01-06T17:45:54.054Z] [org.apache.juli.logging.DirectJDKLog] [RMI TCP Connection(11)-127.0.0.1] [173] [INFO ] Stopping service [Tomcat]
[2020-01-06T17:45:54.054Z] [org.apache.juli.logging.DirectJDKLog] [RMI TCP Connection(11)-127.0.0.1] [173] [INFO ] Stopping ProtocolHandler ["http-nio-8600"]
[2020-01-06T17:45:54.054Z] [org.apache.juli.logging.DirectJDKLog] [RMI TCP Connection(11)-127.0.0.1] [173] [INFO ] Destroying ProtocolHandler ["http-nio-8600"]
[2020-01-06T19:20:57.057Z] [org.springframework.boot.SpringApplication] [main] [651] [INFO ] No active profile set, falling back to default profiles: default
[2020-01-06T19:20:58.058Z] [org.springframework.data.repository.config.RepositoryConfigurationDelegate] [main] [127] [INFO ] Bootstrapping Spring Data JPA repositories in DEFAULT mode.
[2020-01-06T19:20:59.059Z] [org.springframework.data.repository.config.RepositoryConfigurationDelegate] [main] [187] [INFO ] Finished Spring Data repository scanning in 127ms. Found 1 JPA repository interfaces.
[2020-01-06T19:20:59.059Z] [org.springframework.boot.actuate.endpoint.EndpointId] [main] [155] [WARN ] Endpoint ID 'service-registry' contains invalid characters, please migrate to a valid format.
[2020-01-06T19:20:59.059Z] [org.springframework.cloud.context.scope.GenericScope] [main] [295] [INFO ] BeanFactory id=15b558f6-6296-341f-836e-643e0e6ab0ae
[2020-01-06T19:20:59.059Z] [org.springframework.context.support.PostProcessorRegistrationDelegate$BeanPostProcessorChecker] [main] [330] [INFO ] Bean 'org.springframework.transaction.annotation.ProxyTransactionManagementConfiguration' of type [org.springframework.transaction.annotation.ProxyTransactionManagementConfiguration] is not eligible for getting processed by all BeanPostProcessors (for example: not eligible for auto-proxying)
[2020-01-06T19:21:00.000Z] [org.springframework.boot.web.embedded.tomcat.TomcatWebServer] [main] [92] [INFO ] Tomcat initialized with port(s): 8600 (http)
[2020-01-06T19:21:00.000Z] [org.apache.juli.logging.DirectJDKLog] [main] [173] [INFO ] Initializing ProtocolHandler ["http-nio-8600"]
[2020-01-06T19:21:00.000Z] [org.apache.juli.logging.DirectJDKLog] [main] [173] [INFO ] Starting service [Tomcat]
[2020-01-06T19:21:00.000Z] [org.apache.juli.logging.DirectJDKLog] [main] [173] [INFO ] Starting Servlet engine: [Apache Tomcat/9.0.29]
[2020-01-06T19:21:01.001Z] [org.apache.juli.logging.DirectJDKLog] [main] [173] [INFO ] Initializing Spring embedded WebApplicationContext
[2020-01-06T19:21:01.001Z] [org.springframework.boot.web.servlet.context.ServletWebServerApplicationContext] [main] [284] [INFO ] Root WebApplicationContext: initialization completed in 3527 ms
[2020-01-06T19:21:01.001Z] [com.netflix.config.sources.URLConfigurationSource] [main] [121] [WARN ] No URLs will be polled as dynamic configuration sources.
[2020-01-06T19:21:01.001Z] [com.netflix.config.sources.URLConfigurationSource] [main] [122] [INFO ] To enable URLs as dynamic configuration sources, define System property archaius.configurationSource.additionalUrls or make config.properties available on classpath.
[2020-01-06T19:21:01.001Z] [com.netflix.config.DynamicPropertyFactory] [main] [281] [INFO ] DynamicPropertyFactory is initialized with configuration sources: com.netflix.config.ConcurrentCompositeConfiguration@626c19cf
[2020-01-06T19:21:04.004Z] [org.hibernate.jpa.internal.util.LogHelper] [main] [31] [INFO ] HHH000204: Processing PersistenceUnitInfo [name: default]
[2020-01-06T19:21:04.004Z] [org.hibernate.Version] [main] [46] [INFO ] HHH000412: Hibernate Core {5.4.9.Final}
[2020-01-06T19:21:06.006Z] [org.hibernate.annotations.common.reflection.java.JavaReflectionManager] [main] [49] [INFO ] HCANN000001: Hibernate Commons Annotations {5.1.0.Final}
[2020-01-06T19:21:06.006Z] [com.zaxxer.hikari.HikariDataSource] [main] [110] [INFO ] HikariPool-1 - Starting...
[2020-01-06T19:21:07.007Z] [com.zaxxer.hikari.HikariDataSource] [main] [123] [INFO ] HikariPool-1 - Start completed.
[2020-01-06T19:21:07.007Z] [org.hibernate.dialect.Dialect] [main] [172] [INFO ] HHH000400: Using dialect: org.hibernate.dialect.MySQL5Dialect
[2020-01-06T19:21:09.009Z] [org.hibernate.engine.transaction.jta.platform.internal.JtaPlatformInitiator] [main] [52] [INFO ] HHH000490: Using JtaPlatform implementation: [org.hibernate.engine.transaction.jta.platform.internal.NoJtaPlatform]
[2020-01-06T19:21:09.009Z] [org.springframework.orm.jpa.AbstractEntityManagerFactoryBean] [main] [416] [INFO ] Initialized JPA EntityManagerFactory for persistence unit 'default'
[2020-01-06T19:21:10.010Z] [com.netflix.config.sources.URLConfigurationSource] [main] [121] [WARN ] No URLs will be polled as dynamic configuration sources.
[2020-01-06T19:21:10.010Z] [com.netflix.config.sources.URLConfigurationSource] [main] [122] [INFO ] To enable URLs as dynamic configuration sources, define System property archaius.configurationSource.additionalUrls or make config.properties available on classpath.
[2020-01-06T19:21:10.010Z] [org.springframework.boot.autoconfigure.orm.jpa.JpaBaseConfiguration$JpaWebConfiguration] [main] [220] [WARN ] spring.jpa.open-in-view is enabled by default. Therefore, database queries may be performed during view rendering. Explicitly configure spring.jpa.open-in-view to disable this warning
[2020-01-06T19:21:10.010Z] [org.springframework.scheduling.concurrent.ExecutorConfigurationSupport] [main] [171] [INFO ] Initializing ExecutorService 'applicationTaskExecutor'
[2020-01-06T19:21:13.013Z] [org.springframework.cloud.loadbalancer.config.BlockingLoadBalancerClientAutoConfiguration$BlockingLoadBalancerClientRibbonWarnLogger] [main] [86] [WARN ] You already have RibbonLoadBalancerClient on your classpath. It will be used by default. As Spring Cloud Ribbon is in maintenance mode. We recommend switching to BlockingLoadBalancerClient instead. In order to use it, set the value of `spring.cloud.loadbalancer.ribbon.enabled` to `false` or remove spring-cloud-starter-netflix-ribbon from your project.
[2020-01-06T19:21:14.014Z] [org.springframework.boot.actuate.endpoint.web.EndpointLinksResolver] [main] [58] [INFO ] Exposing 18 endpoint(s) beneath base path '/actuator'
[2020-01-06T19:21:14.014Z] [org.springframework.cloud.netflix.eureka.InstanceInfoFactory] [main] [72] [INFO ] Setting initial instance status as: STARTING
[2020-01-06T19:21:14.014Z] [com.netflix.discovery.DiscoveryClient] [main] [365] [INFO ] Initializing Eureka in region us-east-1
[2020-01-06T19:21:15.015Z] [com.netflix.discovery.provider.DiscoveryJerseyProvider] [main] [70] [INFO ] Using JSON encoding codec LegacyJacksonJson
[2020-01-06T19:21:15.015Z] [com.netflix.discovery.provider.DiscoveryJerseyProvider] [main] [71] [INFO ] Using JSON decoding codec LegacyJacksonJson
[2020-01-06T19:21:16.016Z] [com.netflix.discovery.provider.DiscoveryJerseyProvider] [main] [80] [INFO ] Using XML encoding codec XStreamXml
[2020-01-06T19:21:16.016Z] [com.netflix.discovery.provider.DiscoveryJerseyProvider] [main] [81] [INFO ] Using XML decoding codec XStreamXml
[2020-01-06T19:21:16.016Z] [com.netflix.discovery.shared.resolver.aws.ConfigClusterResolver] [main] [43] [INFO ] Resolving eureka endpoints via configuration
[2020-01-06T19:21:17.017Z] [com.netflix.discovery.DiscoveryClient] [main] [976] [INFO ] Disable delta property : false
[2020-01-06T19:21:17.017Z] [com.netflix.discovery.DiscoveryClient] [main] [977] [INFO ] Single vip registry refresh property : null
[2020-01-06T19:21:17.017Z] [com.netflix.discovery.DiscoveryClient] [main] [978] [INFO ] Force full registry fetch : false
[2020-01-06T19:21:17.017Z] [com.netflix.discovery.DiscoveryClient] [main] [979] [INFO ] Application is null : false
[2020-01-06T19:21:17.017Z] [com.netflix.discovery.DiscoveryClient] [main] [980] [INFO ] Registered Applications size is zero : true
[2020-01-06T19:21:17.017Z] [com.netflix.discovery.DiscoveryClient] [main] [982] [INFO ] Application version is -1: true
[2020-01-06T19:21:17.017Z] [com.netflix.discovery.DiscoveryClient] [main] [1065] [INFO ] Getting all instance registry info from the eureka server
[2020-01-06T19:21:17.017Z] [com.netflix.discovery.DiscoveryClient] [main] [1074] [INFO ] The response status is 200
[2020-01-06T19:21:17.017Z] [com.netflix.discovery.DiscoveryClient] [main] [1288] [INFO ] Starting heartbeat executor: renew interval is: 30
[2020-01-06T19:21:17.017Z] [com.netflix.discovery.InstanceInfoReplicator] [main] [60] [INFO ] InstanceInfoReplicator onDemand update allowed rate per min is 4
[2020-01-06T19:21:17.017Z] [com.netflix.discovery.DiscoveryClient] [main] [465] [INFO ] Discovery Client initialized at timestamp 1578318677348 with initial instances count: 1
[2020-01-06T19:21:17.017Z] [org.springframework.cloud.netflix.eureka.serviceregistry.EurekaServiceRegistry] [main] [41] [INFO ] Registering application FRIENDFAMILIY-SERVICE with eureka with status UP
[2020-01-06T19:21:17.017Z] [com.netflix.discovery.DiscoveryClient$3] [main] [1323] [INFO ] Saw local status change event StatusChangeEvent [timestamp=1578318677364, current=UP, previous=STARTING]
[2020-01-06T19:21:17.017Z] [com.netflix.discovery.DiscoveryClient] [DiscoveryClient-InstanceInfoReplicator-0] [844] [INFO ] DiscoveryClient_FRIENDFAMILIY-SERVICE/host.docker.internal:FRIENDFAMILIY-SERVICE:8600: registering service...
[2020-01-06T19:21:17.017Z] [org.apache.juli.logging.DirectJDKLog] [main] [173] [INFO ] Starting ProtocolHandler ["http-nio-8600"]
[2020-01-06T19:21:17.017Z] [com.netflix.discovery.DiscoveryClient] [DiscoveryClient-InstanceInfoReplicator-0] [853] [INFO ] DiscoveryClient_FRIENDFAMILIY-SERVICE/host.docker.internal:FRIENDFAMILIY-SERVICE:8600 - registration status: 204
[2020-01-06T19:21:17.017Z] [org.springframework.boot.web.embedded.tomcat.TomcatWebServer] [main] [204] [INFO ] Tomcat started on port(s): 8600 (http) with context path ''
[2020-01-06T19:21:17.017Z] [org.springframework.cloud.netflix.eureka.serviceregistry.EurekaAutoServiceRegistration] [main] [145] [INFO ] Updating port to 8600
[2020-01-06T19:21:18.018Z] [org.springframework.boot.StartupInfoLogger] [main] [61] [INFO ] Started FriendFamilyServiceApplication in 23.958 seconds (JVM running for 28.393)
[2020-01-06T19:22:14.014Z] [org.apache.juli.logging.DirectJDKLog] [http-nio-8600-exec-1] [173] [INFO ] Initializing Spring DispatcherServlet 'dispatcherServlet'
[2020-01-06T19:22:14.014Z] [org.springframework.web.servlet.FrameworkServlet] [http-nio-8600-exec-1] [525] [INFO ] Initializing Servlet 'dispatcherServlet'
[2020-01-06T19:22:14.014Z] [org.springframework.web.servlet.FrameworkServlet] [http-nio-8600-exec-1] [547] [INFO ] Completed initialization in 17 ms
[2020-01-06T19:26:17.017Z] [com.netflix.discovery.shared.resolver.aws.ConfigClusterResolver] [AsyncResolver-bootstrap-executor-0] [43] [INFO ] Resolving eureka endpoints via configuration
[2020-01-06T19:31:17.017Z] [com.netflix.discovery.shared.resolver.aws.ConfigClusterResolver] [AsyncResolver-bootstrap-executor-0] [43] [INFO ] Resolving eureka endpoints via configuration
[2020-01-06T19:31:34.034Z] [org.springframework.boot.admin.SpringApplicationAdminMXBeanRegistrar$SpringApplicationAdmin] [RMI TCP Connection(30)-127.0.0.1] [159] [INFO ] Application shutdown requested.
[2020-01-06T19:31:34.034Z] [org.springframework.cloud.netflix.eureka.serviceregistry.EurekaServiceRegistry] [RMI TCP Connection(30)-127.0.0.1] [65] [INFO ] Unregistering application FRIENDFAMILIY-SERVICE with eureka with status DOWN
[2020-01-06T19:31:34.034Z] [com.netflix.discovery.DiscoveryClient$3] [RMI TCP Connection(30)-127.0.0.1] [1321] [WARN ] Saw local status change event StatusChangeEvent [timestamp=1578319294958, current=DOWN, previous=UP]
[2020-01-06T19:31:34.034Z] [com.netflix.discovery.DiscoveryClient] [DiscoveryClient-InstanceInfoReplicator-0] [844] [INFO ] DiscoveryClient_FRIENDFAMILIY-SERVICE/host.docker.internal:FRIENDFAMILIY-SERVICE:8600: registering service...
[2020-01-06T19:31:34.034Z] [org.springframework.scheduling.concurrent.ExecutorConfigurationSupport] [RMI TCP Connection(30)-127.0.0.1] [208] [INFO ] Shutting down ExecutorService 'applicationTaskExecutor'
[2020-01-06T19:31:34.034Z] [org.springframework.orm.jpa.AbstractEntityManagerFactoryBean] [RMI TCP Connection(30)-127.0.0.1] [598] [INFO ] Closing JPA EntityManagerFactory for persistence unit 'default'
[2020-01-06T19:31:34.034Z] [org.hibernate.tool.schema.internal.SchemaDropperImpl$DelayedDropActionImpl] [RMI TCP Connection(30)-127.0.0.1] [524] [INFO ] HHH000477: Starting delayed evictData of schema as part of SessionFactory shut-down'
[2020-01-06T19:31:35.035Z] [com.netflix.discovery.DiscoveryClient] [DiscoveryClient-InstanceInfoReplicator-0] [853] [INFO ] DiscoveryClient_FRIENDFAMILIY-SERVICE/host.docker.internal:FRIENDFAMILIY-SERVICE:8600 - registration status: 204
[2020-01-06T19:31:35.035Z] [com.netflix.discovery.DiscoveryClient] [RMI TCP Connection(30)-127.0.0.1] [906] [INFO ] Shutting down DiscoveryClient ...
[2020-01-06T19:31:38.038Z] [com.netflix.discovery.DiscoveryClient] [RMI TCP Connection(30)-127.0.0.1] [940] [INFO ] Unregistering ...
[2020-01-06T19:31:38.038Z] [com.netflix.discovery.DiscoveryClient] [RMI TCP Connection(30)-127.0.0.1] [942] [INFO ] DiscoveryClient_FRIENDFAMILIY-SERVICE/host.docker.internal:FRIENDFAMILIY-SERVICE:8600 - deregister  status: 200
[2020-01-06T19:31:38.038Z] [com.netflix.discovery.DiscoveryClient] [RMI TCP Connection(30)-127.0.0.1] [929] [INFO ] Completed shut down of DiscoveryClient
[2020-01-06T19:31:38.038Z] [com.zaxxer.hikari.HikariDataSource] [RMI TCP Connection(30)-127.0.0.1] [350] [INFO ] HikariPool-1 - Shutdown initiated...
[2020-01-06T19:31:38.038Z] [com.zaxxer.hikari.HikariDataSource] [RMI TCP Connection(30)-127.0.0.1] [352] [INFO ] HikariPool-1 - Shutdown completed.
[2020-01-06T19:31:38.038Z] [org.apache.juli.logging.DirectJDKLog] [RMI TCP Connection(30)-127.0.0.1] [173] [INFO ] Pausing ProtocolHandler ["http-nio-8600"]
[2020-01-06T19:31:38.038Z] [org.apache.juli.logging.DirectJDKLog] [RMI TCP Connection(30)-127.0.0.1] [173] [INFO ] Stopping service [Tomcat]
[2020-01-06T19:31:38.038Z] [org.apache.juli.logging.DirectJDKLog] [RMI TCP Connection(30)-127.0.0.1] [173] [INFO ] Destroying Spring FrameworkServlet 'dispatcherServlet'
[2020-01-06T19:31:38.038Z] [org.apache.juli.logging.DirectJDKLog] [RMI TCP Connection(30)-127.0.0.1] [173] [INFO ] Stopping ProtocolHandler ["http-nio-8600"]
[2020-01-06T19:31:39.039Z] [org.apache.juli.logging.DirectJDKLog] [RMI TCP Connection(30)-127.0.0.1] [173] [INFO ] Destroying ProtocolHandler ["http-nio-8600"]
